envs
/home/ddeq/.local/lib/python3.8/site-packages/scipy/__init__.py:146: UserWarning: A NumPy version >=1.16.5 and <1.23.0 is required for this version of SciPy (detected version 1.24.2
  warnings.warn(f"A NumPy version >={np_minversion} and <{np_maxversion}"
[ √ ] Using config file n_cf11
[ √ ] Using mode:  train
15
[ √ ] Using augmentation file configs/aug/s_0220/0220_hf_cut_sm2_0.75_384_v1.yaml
======== FOLD 0 ========
======= STAGE 0 =========
====epoch 1 ====
====epoch 2 ====
====epoch 3 ====
====epoch 4 ====
====epoch 5 ====
====epoch 6 ====
====epoch 7 ====
====epoch 8 ====
====epoch 9 ====
====epoch 10 ====
====epoch 11 ====
====epoch 12 ====
====epoch 13 ====
====epoch 14 ====
====epoch 15 ====
Traceback (most recent call last):
  File "main.py", line 790, in <module>
    del model, scheduler, optimizer
NameError: name 'model' is not defined
/home/ddeq/.local/lib/python3.8/site-packages/scipy/__init__.py:146: UserWarning: A NumPy version >=1.16.5 and <1.23.0 is required for this version of SciPy (detected version 1.24.2
  warnings.warn(f"A NumPy version >={np_minversion} and <{np_maxversion}"
[ √ ] Using config file n_cf11_1
[ √ ] Using mode:  train
15
[ √ ] Using augmentation file configs/aug/s_0220/0220_hf_cut_sm2_0.75_384_v1.yaml
======== FOLD 0 ========
======= STAGE 0 =========
====epoch 1 ====
====epoch 2 ====
====epoch 3 ====
====epoch 4 ====
====epoch 5 ====
====epoch 6 ====
====epoch 7 ====
====epoch 8 ====
====epoch 9 ====
====epoch 10 ====
====epoch 11 ====
====epoch 12 ====
====epoch 13 ====
====epoch 14 ====
====epoch 15 ====
Traceback (most recent call last):
  File "main.py", line 790, in <module>
    del model, scheduler, optimizer
NameError: name 'model' is not defined
/home/ddeq/.local/lib/python3.8/site-packages/scipy/__init__.py:146: UserWarning: A NumPy version >=1.16.5 and <1.23.0 is required for this version of SciPy (detected version 1.24.2
  warnings.warn(f"A NumPy version >={np_minversion} and <{np_maxversion}"
[ √ ] Using config file n_cf11_6
[ √ ] Using mode:  train
15
[ √ ] Using augmentation file configs/aug/s_0220/0220_hf_cut_sm2_0.75_384_v1.yaml
======== FOLD 0 ========
======= STAGE 0 =========
====epoch 1 ====
====epoch 2 ====
====epoch 3 ====
====epoch 4 ====
====epoch 5 ====
====epoch 6 ====
====epoch 7 ====
====epoch 8 ====
====epoch 9 ====
====epoch 10 ====
====epoch 11 ====
====epoch 12 ====
====epoch 13 ====
====epoch 14 ====
====epoch 15 ====
Traceback (most recent call last):
  File "main.py", line 790, in <module>
    del model, scheduler, optimizer
NameError: name 'model' is not defined
[ √ ] Using config file n_cf11_7
[ √ ] Using mode:  train
15
[ √ ] Using augmentation file configs/aug/s_0220/0220_hf_cut_sm2_0.75_384_v1.yaml
======== FOLD 0 ========
======= STAGE 0 =========
====epoch 1 ====
====epoch 2 ====
THIS IS A PRINT STATEMENT ==================================+++++===
['NVIDIA GeForce GTX 1080 Ti']
CarbonTracker: The following components were found: GPU with device(s) NVIDIA GeForce GTX 1080 Ti. CPU with device(s) cpu:0, cpu:1.
/home/ddeq/.local/lib/python3.8/site-packages/scipy/__init__.py:146: UserWarning: A NumPy version >=1.16.5 and <1.23.0 is required for this version of SciPy (detected version 1.24.2
  warnings.warn(f"A NumPy version >={np_minversion} and <{np_maxversion}"
====epoch 3 ====
====epoch 4 ====
====epoch 5 ====
====epoch 6 ====
====epoch 7 ====
====epoch 8 ====
====epoch 9 ====
====epoch 10 ====
====epoch 11 ====
====epoch 12 ====
====epoch 13 ====
====epoch 14 ====
====epoch 15 ====
Traceback (most recent call last):
  File "main.py", line 790, in <module>
    del model, scheduler, optimizer
NameError: name 'model' is not defined
/home/ddeq/.local/lib/python3.8/site-packages/scipy/__init__.py:146: UserWarning: A NumPy version >=1.16.5 and <1.23.0 is required for this version of SciPy (detected version 1.24.2
  warnings.warn(f"A NumPy version >={np_minversion} and <{np_maxversion}"
[ √ ] Using config file n_cf11_9
[ √ ] Using mode:  train
15
======== FOLD 0 ========
======= STAGE 0 =========
====epoch 1 ====
====epoch 2 ====
====epoch 3 ====
====epoch 4 ====
====epoch 5 ====
====epoch 6 ====
====epoch 7 ====
====epoch 8 ====
====epoch 9 ====
====epoch 10 ====
====epoch 11 ====
====epoch 12 ====
====epoch 13 ====
====epoch 14 ====
====epoch 15 ====
Traceback (most recent call last):
  File "main.py", line 790, in <module>
    del model, scheduler, optimizer
NameError: name 'model' is not defined
/home/ddeq/.local/lib/python3.8/site-packages/scipy/__init__.py:146: UserWarning: A NumPy version >=1.16.5 and <1.23.0 is required for this version of SciPy (detected version 1.24.2
  warnings.warn(f"A NumPy version >={np_minversion} and <{np_maxversion}"
[ √ ] Using config file n_cf11_10
[ √ ] Using mode:  train
15
[ √ ] Using augmentation file configs/aug/s_0220/0220_hf_cut_sm2_0.75_384_v1.yaml
======== FOLD 0 ========
======= STAGE 0 =========
====epoch 1 ====
====epoch 2 ====
====epoch 3 ====
====epoch 4 ====
====epoch 5 ====
====epoch 6 ====
====epoch 7 ====
====epoch 8 ====
====epoch 9 ====
====epoch 10 ====
====epoch 11 ====
====epoch 12 ====
====epoch 13 ====
====epoch 14 ====
====epoch 15 ====
Traceback (most recent call last):
  File "main.py", line 790, in <module>
    del model, scheduler, optimizer
NameError: name 'model' is not defined
/home/ddeq/.local/lib/python3.8/site-packages/scipy/__init__.py:146: UserWarning: A NumPy version >=1.16.5 and <1.23.0 is required for this version of SciPy (detected version 1.24.2
  warnings.warn(f"A NumPy version >={np_minversion} and <{np_maxversion}"
[ √ ] Using config file n_cf11_rot1
[ √ ] Using mode:  train
15
[ √ ] Using augmentation file configs/aug/s_0220/0220_hf_cut_sm2_0.75_384_v1b.yaml
======== FOLD 0 ========
======= STAGE 0 =========
====epoch 1 ====
====epoch 2 ====
====epoch 3 ====
====epoch 4 ====
====epoch 5 ====
====epoch 6 ====
====epoch 7 ====
====epoch 8 ====
====epoch 9 ====
====epoch 10 ====
====epoch 11 ====
====epoch 12 ====
====epoch 13 ====
====epoch 14 ====
====epoch 15 ====
Traceback (most recent call last):
  File "main.py", line 790, in <module>
    del model, scheduler, optimizer
NameError: name 'model' is not defined
